# JRE version: Java(TM) SE Runtime Environment (17.0.10+11) (build 17.0.10+11-LTS-240)
# Java VM: Java HotSpot(TM) 64-Bit Server VM (17.0.10+11-LTS-240, mixed mode, sharing, tiered, compressed oops, compressed class ptrs, g1 gc, bsd-amd64)
Heap:
 garbage-first heap   total 262144K, used 158305K [0x00000007e0000000, 0x0000000800000000)
  region size 1024K, 125 young (128000K), 15 survivors (15360K)
 Metaspace       used 58955K, committed 59584K, reserved 393216K
  class space    used 8544K, committed 8832K, reserved 327680K
GC Heap History (14 events):
Event: 0.498 GC heap before
{Heap before GC invocations=0 (full 0):
 garbage-first heap   total 264192K, used 27608K [0x00000007e0000000, 0x0000000800000000)
  region size 1024K, 23 young (23552K), 0 survivors (0K)
 Metaspace       used 2395K, committed 2560K, reserved 393216K
  class space    used 282K, committed 384K, reserved 327680K
}
Event: 0.503 GC heap after
{Heap after GC invocations=1 (full 0):
 garbage-first heap   total 264192K, used 11519K [0x00000007e0000000, 0x0000000800000000)
  region size 1024K, 3 young (3072K), 3 survivors (3072K)
 Metaspace       used 2395K, committed 2560K, reserved 393216K
  class space    used 282K, committed 384K, reserved 327680K
}
Event: 0.836 GC heap before
{Heap before GC invocations=1 (full 0):
 garbage-first heap   total 264192K, used 48383K [0x00000007e0000000, 0x0000000800000000)
  region size 1024K, 37 young (37888K), 3 survivors (3072K)
 Metaspace       used 4095K, committed 4288K, reserved 393216K
  class space    used 514K, committed 640K, reserved 327680K
}
Event: 0.841 GC heap after
{Heap after GC invocations=2 (full 0):
 garbage-first heap   total 264192K, used 17093K [0x00000007e0000000, 0x0000000800000000)
  region size 1024K, 5 young (5120K), 5 survivors (5120K)
 Metaspace       used 4095K, committed 4288K, reserved 393216K
  class space    used 514K, committed 640K, reserved 327680K
}
Event: 2.788 GC heap before
{Heap before GC invocations=2 (full 0):
 garbage-first heap   total 264192K, used 123589K [0x00000007e0000000, 0x0000000800000000)
  region size 1024K, 109 young (111616K), 5 survivors (5120K)
 Metaspace       used 21062K, committed 21376K, reserved 393216K
  class space    used 3153K, committed 3328K, reserved 327680K
}
Event: 2.798 GC heap after
{Heap after GC invocations=3 (full 0):
 garbage-first heap   total 264192K, used 23707K [0x00000007e0000000, 0x0000000800000000)
  region size 1024K, 11 young (11264K), 11 survivors (11264K)
 Metaspace       used 21062K, committed 21376K, reserved 393216K
  class space    used 3153K, committed 3328K, reserved 327680K
}
Event: 2.833 GC heap before
{Heap before GC invocations=3 (full 0):
 garbage-first heap   total 264192K, used 25755K [0x00000007e0000000, 0x0000000800000000)
  region size 1024K, 14 young (14336K), 11 survivors (11264K)
 Metaspace       used 21230K, committed 21504K, reserved 393216K
  class space    used 3184K, committed 3328K, reserved 327680K
}
Event: 2.838 GC heap after
{Heap after GC invocations=4 (full 0):
 garbage-first heap   total 264192K, used 24168K [0x00000007e0000000, 0x0000000800000000)
  region size 1024K, 7 young (7168K), 7 survivors (7168K)
 Metaspace       used 21230K, committed 21504K, reserved 393216K
  class space    used 3184K, committed 3328K, reserved 327680K
}
Event: 4.450 GC heap before
{Heap before GC invocations=5 (full 0):
 garbage-first heap   total 262144K, used 137832K [0x00000007e0000000, 0x0000000800000000)
  region size 1024K, 115 young (117760K), 7 survivors (7168K)
 Metaspace       used 35544K, committed 35968K, reserved 393216K
  class space    used 5122K, committed 5312K, reserved 327680K
}
Event: 4.463 GC heap after
{Heap after GC invocations=6 (full 0):
 garbage-first heap   total 262144K, used 31850K [0x00000007e0000000, 0x0000000800000000)
  region size 1024K, 15 young (15360K), 15 survivors (15360K)
 Metaspace       used 35544K, committed 35968K, reserved 393216K
  class space    used 5122K, committed 5312K, reserved 327680K
}
Event: 5.394 GC heap before
{Heap before GC invocations=7 (full 0):
 garbage-first heap   total 262144K, used 173162K [0x00000007e0000000, 0x0000000800000000)
  region size 1024K, 153 young (156672K), 15 survivors (15360K)
 Metaspace       used 37379K, committed 37760K, reserved 393216K
  class space    used 5362K, committed 5568K, reserved 327680K
}
Event: 5.418 GC heap after
{Heap after GC invocations=8 (full 0):
 garbage-first heap   total 262144K, used 37947K [0x00000007e0000000, 0x0000000800000000)
  region size 1024K, 15 young (15360K), 15 survivors (15360K)
 Metaspace       used 37379K, committed 37760K, reserved 393216K
  class space    used 5362K, committed 5568K, reserved 327680K
}
Event: 7.651 GC heap before
{Heap before GC invocations=8 (full 0):
 garbage-first heap   total 262144K, used 180283K [0x00000007e0000000, 0x0000000800000000)
  region size 1024K, 153 young (156672K), 15 survivors (15360K)
 Metaspace       used 50679K, committed 51200K, reserved 393216K
  class space    used 7246K, committed 7488K, reserved 327680K
}
Event: 7.673 GC heap after
{Heap after GC invocations=9 (full 0):
 garbage-first heap   total 262144K, used 45678K [0x00000007e0000000, 0x0000000800000000)
  region size 1024K, 15 young (15360K), 15 survivors (15360K)
 Metaspace       used 50679K, committed 51200K, reserved 393216K
  class space    used 7246K, committed 7488K, reserved 327680K
}

