# JRE version: Java(TM) SE Runtime Environment (17.0.10+11) (build 17.0.10+11-LTS-240)
# Java VM: Java HotSpot(TM) 64-Bit Server VM (17.0.10+11-LTS-240, mixed mode, sharing, tiered, compressed oops, compressed class ptrs, g1 gc, bsd-amd64)
Heap:
 garbage-first heap   total 262144K, used 72875K [0x00000007e0000000, 0x0000000800000000)
  region size 1024K, 42 young (43008K), 10 survivors (10240K)
 Metaspace       used 50993K, committed 51520K, reserved 393216K
  class space    used 7504K, committed 7744K, reserved 327680K
GC Heap History (14 events):
Event: 0.719 GC heap before
{Heap before GC invocations=0 (full 0):
 garbage-first heap   total 264192K, used 27608K [0x00000007e0000000, 0x0000000800000000)
  region size 1024K, 23 young (23552K), 0 survivors (0K)
 Metaspace       used 2702K, committed 2880K, reserved 393216K
  class space    used 337K, committed 384K, reserved 327680K
}
Event: 0.725 GC heap after
{Heap after GC invocations=1 (full 0):
 garbage-first heap   total 264192K, used 11504K [0x00000007e0000000, 0x0000000800000000)
  region size 1024K, 3 young (3072K), 3 survivors (3072K)
 Metaspace       used 2702K, committed 2880K, reserved 393216K
  class space    used 337K, committed 384K, reserved 327680K
}
Event: 1.068 GC heap before
{Heap before GC invocations=1 (full 0):
 garbage-first heap   total 264192K, used 47344K [0x00000007e0000000, 0x0000000800000000)
  region size 1024K, 36 young (36864K), 3 survivors (3072K)
 Metaspace       used 4095K, committed 4288K, reserved 393216K
  class space    used 514K, committed 640K, reserved 327680K
}
Event: 1.072 GC heap after
{Heap after GC invocations=2 (full 0):
 garbage-first heap   total 264192K, used 16979K [0x00000007e0000000, 0x0000000800000000)
  region size 1024K, 5 young (5120K), 5 survivors (5120K)
 Metaspace       used 4095K, committed 4288K, reserved 393216K
  class space    used 514K, committed 640K, reserved 327680K
}
Event: 2.952 GC heap before
{Heap before GC invocations=2 (full 0):
 garbage-first heap   total 264192K, used 127571K [0x00000007e0000000, 0x0000000800000000)
  region size 1024K, 114 young (116736K), 5 survivors (5120K)
 Metaspace       used 21268K, committed 21504K, reserved 393216K
  class space    used 3193K, committed 3328K, reserved 327680K
}
Event: 2.967 GC heap after
{Heap after GC invocations=3 (full 0):
 garbage-first heap   total 264192K, used 23513K [0x00000007e0000000, 0x0000000800000000)
  region size 1024K, 11 young (11264K), 11 survivors (11264K)
 Metaspace       used 21268K, committed 21504K, reserved 393216K
  class space    used 3193K, committed 3328K, reserved 327680K
}
Event: 4.443 GC heap before
{Heap before GC invocations=4 (full 0):
 garbage-first heap   total 262144K, used 145369K [0x00000007e0000000, 0x0000000800000000)
  region size 1024K, 127 young (130048K), 11 survivors (11264K)
 Metaspace       used 35692K, committed 36096K, reserved 393216K
  class space    used 5083K, committed 5312K, reserved 327680K
}
Event: 4.463 GC heap after
{Heap after GC invocations=5 (full 0):
 garbage-first heap   total 262144K, used 32572K [0x00000007e0000000, 0x0000000800000000)
  region size 1024K, 16 young (16384K), 16 survivors (16384K)
 Metaspace       used 35692K, committed 36096K, reserved 393216K
  class space    used 5083K, committed 5312K, reserved 327680K
}
Event: 4.477 GC heap before
{Heap before GC invocations=5 (full 0):
 garbage-first heap   total 262144K, used 32572K [0x00000007e0000000, 0x0000000800000000)
  region size 1024K, 17 young (17408K), 16 survivors (16384K)
 Metaspace       used 35787K, committed 36224K, reserved 393216K
  class space    used 5101K, committed 5312K, reserved 327680K
}
Event: 4.492 GC heap after
{Heap after GC invocations=6 (full 0):
 garbage-first heap   total 262144K, used 33511K [0x00000007e0000000, 0x0000000800000000)
  region size 1024K, 2 young (2048K), 2 survivors (2048K)
 Metaspace       used 35787K, committed 36224K, reserved 393216K
  class space    used 5101K, committed 5312K, reserved 327680K
}
Event: 4.510 GC heap before
{Heap before GC invocations=6 (full 0):
 garbage-first heap   total 262144K, used 34535K [0x00000007e0000000, 0x0000000800000000)
  region size 1024K, 4 young (4096K), 2 survivors (2048K)
 Metaspace       used 36000K, committed 36416K, reserved 393216K
  class space    used 5132K, committed 5376K, reserved 327680K
}
Event: 4.511 GC heap after
{Heap after GC invocations=7 (full 0):
 garbage-first heap   total 262144K, used 32104K [0x00000007e0000000, 0x0000000800000000)
  region size 1024K, 1 young (1024K), 1 survivors (1024K)
 Metaspace       used 36000K, committed 36416K, reserved 393216K
  class space    used 5132K, committed 5376K, reserved 327680K
}
Event: 6.356 GC heap before
{Heap before GC invocations=8 (full 0):
 garbage-first heap   total 262144K, used 188776K [0x00000007e0000000, 0x0000000800000000)
  region size 1024K, 153 young (156672K), 1 survivors (1024K)
 Metaspace       used 48618K, committed 49152K, reserved 393216K
  class space    used 7077K, committed 7296K, reserved 327680K
}
Event: 6.368 GC heap after
{Heap after GC invocations=9 (full 0):
 garbage-first heap   total 262144K, used 40763K [0x00000007e0000000, 0x0000000800000000)
  region size 1024K, 10 young (10240K), 10 survivors (10240K)
 Metaspace       used 48618K, committed 49152K, reserved 393216K
  class space    used 7077K, committed 7296K, reserved 327680K
}

